<?xml version="1.0" encoding="UTF-8"?>
<testng-results ignored="0" total="1" passed="1" failed="0" skipped="0">
  <reporter-output>
  </reporter-output>
  <suite started-at="2022-09-29T22:23:49 IST" name="Default suite" finished-at="2022-09-29T22:25:01 IST" duration-ms="72830">
    <groups>
    </groups>
    <test started-at="2022-09-29T22:23:49 IST" name="Default test" finished-at="2022-09-29T22:25:01 IST" duration-ms="72830">
      <class name="Test.testOne">
        <test-method is-config="true" signature="Initiate()[pri:0, instance:Test.testOne@3cebbb30]" started-at="2022-09-29T22:23:49 IST" name="Initiate" finished-at="2022-09-29T22:24:05 IST" duration-ms="16061" status="PASS">
          <reporter-output>
          </reporter-output>
        </test-method> <!-- Initiate -->
        <test-method signature="compareDetails()[pri:0, instance:Test.testOne@3cebbb30]" started-at="2022-09-29T22:24:05 IST" name="compareDetails" finished-at="2022-09-29T22:25:01 IST" duration-ms="56688" status="PASS">
          <reporter-output>
          </reporter-output>
        </test-method> <!-- compareDetails -->
      </class> <!-- Test.testOne -->
    </test> <!-- Default test -->
  </suite> <!-- Default suite -->
</testng-results>
